2025-11-14T09:46:21.038-03:00  INFO 15640 --- [restartedMain] c.synclink.SyncLinkBackendApplication    : Starting SyncLinkBackendApplication using Java 23.0.2 with PID 15640 (E:\HD INTERNO\PROJETOS PESSOAIS\sync-link-backend\target\classes started by Filipe in E:\HD INTERNO\PROJETOS PESSOAIS\sync-link-backend)
2025-11-14T09:46:21.089-03:00 DEBUG 15640 --- [restartedMain] c.synclink.SyncLinkBackendApplication    : Running with Spring Boot v3.3.4, Spring v6.1.13
2025-11-14T09:46:21.091-03:00  INFO 15640 --- [restartedMain] c.synclink.SyncLinkBackendApplication    : No active profile set, falling back to 1 default profile: "default"
2025-11-14T09:46:21.284-03:00  INFO 15640 --- [restartedMain] .e.DevToolsPropertyDefaultsPostProcessor : Devtools property defaults active! Set 'spring.devtools.add-properties' to 'false' to disable
2025-11-14T09:46:21.288-03:00  INFO 15640 --- [restartedMain] .e.DevToolsPropertyDefaultsPostProcessor : For additional web related logging consider setting the 'logging.level.web' property to 'DEBUG'
2025-11-14T09:46:25.976-03:00  INFO 15640 --- [restartedMain] .s.d.r.c.RepositoryConfigurationDelegate : Bootstrapping Spring Data JPA repositories in DEFAULT mode.
2025-11-14T09:46:26.146-03:00  INFO 15640 --- [restartedMain] .s.d.r.c.RepositoryConfigurationDelegate : Finished Spring Data repository scanning in 156 ms. Found 9 JPA repository interfaces.
2025-11-14T09:46:27.848-03:00  INFO 15640 --- [restartedMain] o.s.b.w.embedded.tomcat.TomcatWebServer  : Tomcat initialized with port 8081 (http)
2025-11-14T09:46:27.871-03:00  INFO 15640 --- [restartedMain] o.apache.catalina.core.StandardService   : Starting service [Tomcat]
2025-11-14T09:46:27.873-03:00  INFO 15640 --- [restartedMain] o.apache.catalina.core.StandardEngine    : Starting Servlet engine: [Apache Tomcat/10.1.30]
2025-11-14T09:46:27.963-03:00  INFO 15640 --- [restartedMain] o.a.c.c.C.[.[localhost].[/sync-link]     : Initializing Spring embedded WebApplicationContext
2025-11-14T09:46:27.965-03:00  INFO 15640 --- [restartedMain] w.s.c.ServletWebServerApplicationContext : Root WebApplicationContext: initialization completed in 6677 ms
2025-11-14T09:46:28.643-03:00  INFO 15640 --- [restartedMain] o.hibernate.jpa.internal.util.LogHelper  : HHH000204: Processing PersistenceUnitInfo [name: default]
2025-11-14T09:46:28.749-03:00  INFO 15640 --- [restartedMain] org.hibernate.Version                    : HHH000412: Hibernate ORM core version 6.5.3.Final
2025-11-14T09:46:28.811-03:00  INFO 15640 --- [restartedMain] o.h.c.internal.RegionFactoryInitiator    : HHH000026: Second-level cache disabled
2025-11-14T09:46:29.331-03:00  INFO 15640 --- [restartedMain] o.s.o.j.p.SpringPersistenceUnitInfo      : No LoadTimeWeaver setup: ignoring JPA class transformer
2025-11-14T09:46:29.378-03:00  INFO 15640 --- [restartedMain] com.zaxxer.hikari.HikariDataSource       : HikariPool-1 - Starting...
2025-11-14T09:46:29.752-03:00  INFO 15640 --- [restartedMain] com.zaxxer.hikari.pool.HikariPool        : HikariPool-1 - Added connection org.postgresql.jdbc.PgConnection@440fe884
2025-11-14T09:46:29.758-03:00  INFO 15640 --- [restartedMain] com.zaxxer.hikari.HikariDataSource       : HikariPool-1 - Start completed.
2025-11-14T09:46:29.948-03:00 DEBUG 15640 --- [restartedMain] o.h.t.d.sql.spi.DdlTypeRegistry          : addDescriptor(2003, org.hibernate.type.descriptor.sql.internal.ArrayDdlTypeImpl@d780784) replaced previous registration(org.hibernate.type.descriptor.sql.internal.ArrayDdlTypeImpl@604921a5)
2025-11-14T09:46:29.950-03:00 DEBUG 15640 --- [restartedMain] o.h.t.d.sql.spi.DdlTypeRegistry          : addDescriptor(6, org.hibernate.type.descriptor.sql.internal.CapacityDependentDdlType@3cac951) replaced previous registration(org.hibernate.type.descriptor.sql.internal.DdlTypeImpl@3a2055de)
2025-11-14T09:46:31.985-03:00  INFO 15640 --- [restartedMain] o.h.e.t.j.p.i.JtaPlatformInitiator       : HHH000489: No JTA platform available (set 'hibernate.transaction.jta.platform' to enable JTA platform integration)
2025-11-14T09:46:32.222-03:00  INFO 15640 --- [restartedMain] j.LocalContainerEntityManagerFactoryBean : Initialized JPA EntityManagerFactory for persistence unit 'default'
2025-11-14T09:46:33.009-03:00 DEBUG 15640 --- [restartedMain] c.s.i.security.JwtAuthFilter             : Filter 'jwtAuthFilter' configured for use
2025-11-14T09:46:33.131-03:00  INFO 15640 --- [restartedMain] eAuthenticationProviderManagerConfigurer : Global AuthenticationManager configured with AuthenticationProvider bean with name authenticationProvider
2025-11-14T09:46:33.138-03:00  WARN 15640 --- [restartedMain] r$InitializeUserDetailsManagerConfigurer : Global AuthenticationManager configured with an AuthenticationProvider bean. UserDetailsService beans will not be used for username/password login. Consider removing the AuthenticationProvider bean. Alternatively, consider using the UserDetailsService in a manually instantiated DaoAuthenticationProvider.
2025-11-14T09:46:33.508-03:00  INFO 15640 --- [restartedMain] o.s.d.j.r.query.QueryEnhancerFactory     : Hibernate is in classpath; If applicable, HQL parser will be used.
2025-11-14T09:46:35.519-03:00  WARN 15640 --- [restartedMain] JpaBaseConfiguration$JpaWebConfiguration : spring.jpa.open-in-view is enabled by default. Therefore, database queries may be performed during view rendering. Explicitly configure spring.jpa.open-in-view to disable this warning
2025-11-14T09:46:36.246-03:00  INFO 15640 --- [restartedMain] o.s.b.a.e.web.EndpointLinksResolver      : Exposing 1 endpoint beneath base path '/actuator'
2025-11-14T09:46:37.159-03:00  INFO 15640 --- [restartedMain] o.s.b.d.a.OptionalLiveReloadServer       : LiveReload server is running on port 35729
2025-11-14T09:46:37.288-03:00  INFO 15640 --- [restartedMain] o.s.b.w.embedded.tomcat.TomcatWebServer  : Tomcat started on port 8081 (http) with context path '/sync-link'
2025-11-14T09:46:37.291-03:00  INFO 15640 --- [restartedMain] o.s.m.s.b.SimpleBrokerMessageHandler     : Starting...
2025-11-14T09:46:37.293-03:00  INFO 15640 --- [restartedMain] o.s.m.s.b.SimpleBrokerMessageHandler     : BrokerAvailabilityEvent[available=true, SimpleBrokerMessageHandler [org.springframework.messaging.simp.broker.DefaultSubscriptionRegistry@1725ef80]]
2025-11-14T09:46:37.293-03:00  INFO 15640 --- [restartedMain] o.s.m.s.b.SimpleBrokerMessageHandler     : Started.
2025-11-14T09:46:37.318-03:00  INFO 15640 --- [restartedMain] c.synclink.SyncLinkBackendApplication    : Started SyncLinkBackendApplication in 17.218 seconds (process running for 19.985)
2025-11-14T09:46:37.781-03:00 DEBUG 15640 --- [restartedMain] org.hibernate.SQL                        : 
    select
        u1_0.id,
        u1_0.ativo,
        u1_0.data_atualizacao,
        u1_0.data_criacao,
        u1_0.email,
        u1_0.nome,
        u1_0.perfil,
        u1_0.senha 
    from
        usuarios u1_0 
    where
        u1_0.perfil=?
2025-11-14T09:46:37.783-03:00 TRACE 15640 --- [restartedMain] org.hibernate.orm.jdbc.bind              : binding parameter (1:VARCHAR) <- [ADMIN]
2025-11-14T09:46:37.823-03:00  INFO 15640 --- [restartedMain] com.synclink.DataInitializer             : ✅ Usuário admin já existe no banco de dados
2025-11-14T09:47:37.939-03:00  INFO 15640 --- [MessageBroker-1] o.s.w.s.c.WebSocketMessageBrokerStats    : WebSocketSession[0 current WS(0)-HttpStream(0)-HttpPoll(0), 0 total, 0 closed abnormally (0 connect failure, 0 send limit, 0 transport error)], stompSubProtocol[processed CONNECT(0)-CONNECTED(0)-DISCONNECT(0)], stompBrokerRelay[null], inboundChannel[pool size = 0, active threads = 0, queued tasks = 0, completed tasks = 0], outboundChannel[pool size = 0, active threads = 0, queued tasks = 0, completed tasks = 0], sockJsScheduler[pool size = 1, active threads = 1, queued tasks = 0, completed tasks = 0]
2025-11-14T10:15:49.253-03:00  INFO 15640 --- [SpringApplicationShutdownHook] o.s.m.s.b.SimpleBrokerMessageHandler     : Stopping...
2025-11-14T10:15:49.324-03:00  INFO 15640 --- [SpringApplicationShutdownHook] o.s.m.s.b.SimpleBrokerMessageHandler     : BrokerAvailabilityEvent[available=false, SimpleBrokerMessageHandler [org.springframework.messaging.simp.broker.DefaultSubscriptionRegistry@1725ef80]]
2025-11-14T10:15:49.325-03:00  INFO 15640 --- [SpringApplicationShutdownHook] o.s.m.s.b.SimpleBrokerMessageHandler     : Stopped.
2025-11-14T10:15:49.701-03:00  INFO 15640 --- [SpringApplicationShutdownHook] j.LocalContainerEntityManagerFactoryBean : Closing JPA EntityManagerFactory for persistence unit 'default'
2025-11-14T10:15:50.030-03:00  INFO 15640 --- [SpringApplicationShutdownHook] com.zaxxer.hikari.HikariDataSource       : HikariPool-1 - Shutdown initiated...
2025-11-14T10:15:50.100-03:00  INFO 15640 --- [SpringApplicationShutdownHook] com.zaxxer.hikari.HikariDataSource       : HikariPool-1 - Shutdown completed.
